[2022-04-02T11:25:33.321321+00:00] error.ERROR: Wrong username or password [] []
[2022-04-02T11:25:39.131382+00:00] notice.NOTICE: Authenticate user [] []
[2022-04-02T11:25:39.164132+00:00] notice.NOTICE: Hello {"user_id":1} []
[2022-04-02T11:27:08.760980+00:00] notice.NOTICE: Bot sent massage about removal!!! {"date":"2022-03-31","time":"20:44:00"} []
[2022-04-02T11:27:08.861848+00:00] notice.NOTICE: Event was deleted {"id_event":"139"} []
[2022-04-02T11:35:34.237369+00:00] notice.NOTICE: Authenticate user [] []
[2022-04-02T11:35:34.281781+00:00] notice.NOTICE: Hello {"user_id":1} []
[2022-04-02T11:59:43.851576+00:00] error.ERROR: Wrong username or password [] []
[2022-04-02T11:59:45.459740+00:00] error.ERROR: Wrong username or password [] []
[2022-04-02T12:00:41.408126+00:00] notice.NOTICE: Authenticate user [] []
[2022-04-02T12:00:41.440469+00:00] notice.NOTICE: Hello {"user_id":1} []
[2022-04-02T12:00:57.862607+00:00] error.ERROR: Wrong username or password [] []
[2022-04-03T10:52:49.484427+00:00] error.ERROR: Wrong username or password [] []
[2022-04-03T10:52:55.310462+00:00] notice.NOTICE: Authenticate user [] []
[2022-04-03T10:52:55.353729+00:00] notice.NOTICE: Hello {"user_id":1} []
[2022-04-03T11:20:29.950103+00:00] error.ERROR: Event wasn't added because of fields are empty [] []
[2022-04-03T11:20:46.732921+00:00] notice.NOTICE: Bot send schedule {"date":"2022-04-09","time":"15:21"} []
[2022-04-03T11:20:46.789530+00:00] notice.NOTICE: Bot sent poll {"date":"2022-04-09","time":"15:21"} []
[2022-04-03T11:20:46.880402+00:00] notice.NOTICE: Event was added {"date":"2022-04-09","time":"15:21"} []
[2022-04-03T11:22:53.837119+00:00] error.ERROR: Event wasn't change because of fields "change_event" was empty [] []
[2022-04-03T11:23:05.835707+00:00] notice.NOTICE: Bot send changed schedule {"date":"2022-04-09","time":"15:21:00"} []
[2022-04-03T11:23:06.264387+00:00] notice.NOTICE: Bot sent changed poll {"date":"2022-04-09","time":"15:21:00"} []
[2022-04-03T11:23:06.344717+00:00] notice.NOTICE: Event was changed {"date":"2022-04-09","time":"15:21:00"} []
[2022-04-03T11:23:28.593298+00:00] notice.NOTICE: Bot send schedule {"date":"2022-04-09","time":"18:27"} []
[2022-04-03T11:23:28.958784+00:00] notice.NOTICE: Bot sent poll {"date":"2022-04-09","time":"18:27"} []
[2022-04-03T11:23:28.996989+00:00] notice.NOTICE: Event was added {"date":"2022-04-09","time":"18:27"} []
[2022-04-03T11:23:45.565479+00:00] notice.NOTICE: Bot send schedule {"date":"2022-04-10","time":"16:25"} []
[2022-04-03T11:23:45.915773+00:00] notice.NOTICE: Bot sent poll {"date":"2022-04-10","time":"16:25"} []
[2022-04-03T11:23:45.955661+00:00] notice.NOTICE: Event was added {"date":"2022-04-10","time":"16:25"} []
[2022-04-03T11:24:23.424455+00:00] warning.ERROR: We have a problem with Change!!! [] []
[2022-04-03T11:24:29.374264+00:00] warning.ERROR: We have a problem with Admin!!! [] []
[2022-04-03T11:24:35.369323+00:00] warning.ERROR: We have a problem with Admin!!! [] []
[2022-04-03T11:24:35.966146+00:00] warning.ERROR: We have a problem with Admin!!! [] []
[2022-04-03T11:25:04.767928+00:00] warning.ERROR: We have a problem with Change!!! [] []
