
[2022-03-24T19:00:17.238001+00:00] notice.NOTICE: Authenticate user [] []
[2022-03-24T19:00:17.301138+00:00] notice.NOTICE: Hello {"user_id":1} []
[2022-03-24T19:02:12.804582+00:00] notice.NOTICE: Event was added {"date":"2022-03-29","time":"14:00"} []
[2022-03-24T19:02:56.258950+00:00] error.ERROR: Event wasn't added because of fields are empty [] []
[2022-03-24T19:04:56.553339+00:00] notice.NOTICE: Event was added {"date":"2022-03-29","time":"23:04"} []
[2022-03-24T19:05:16.622158+00:00] error.ERROR: Event wasn't change because of fields "change_event" was empty [] []
[2022-03-24T19:05:33.440486+00:00] error.ERROR: Event wasn't change because of fields "change_event" was empty [] []
[2022-03-24T19:06:38.211976+00:00] error.ERROR: Event wasn't added or changed because of these data and time already exist [] []
[2022-03-24T19:09:01.061420+00:00] error.ERROR: Event wasn't added or changed because of these data and time already exist [] []
[2022-03-24T19:09:29.717614+00:00] error.ERROR: Event wasn't added or changed because of these data and time already exist [] []
[2022-03-24T19:11:58.600990+00:00] notice.NOTICE: Event was deleted {"id_event":"115"} []
[2022-03-24T19:12:15.664326+00:00] notice.NOTICE: Event was deleted {"id_event":"110"} []
[2022-03-24T19:12:31.973782+00:00] notice.NOTICE: Event was deleted {"id_event":"103"} []
[2022-03-24T19:12:32.021071+00:00] notice.NOTICE: Event was deleted {"id_event":"113"} []
[2022-03-24T19:12:38.971589+00:00] error.ERROR: Event wasn't changed because of count id > 1 [] []
[2022-03-24T19:14:23.396011+00:00] notice.NOTICE: Event was added {"date":"2022-04-01","time":"23:13"} []
[2022-03-24T19:41:25.361600+00:00] error.ERROR: Event wasn't added because of fields are empty [] []
[2022-03-24T19:41:49.576177+00:00] error.ERROR: Event wasn't added because of fields are empty [] []
[2022-03-24T19:42:14.610261+00:00] notice.NOTICE: Event was added {"date":"2022-03-30","time":"00:44"} []
[2022-03-24T19:43:15.046771+00:00] notice.NOTICE: Event was added {"date":"2022-03-29","time":"22:46"} []
[2022-03-24T19:43:16.312552+00:00] error.ERROR: Event wasn't added because of fields are empty [] []
[2022-03-24T19:43:36.054445+00:00] notice.NOTICE: Event was added {"date":"2022-03-29","time":"02:43"} []
[2022-03-24T19:44:49.348544+00:00] notice.NOTICE: Event was added {"date":"2022-03-31","time":"02:43"} []
[2022-03-24T19:46:42.820705+00:00] error.ERROR: Event wasn't added or changed because of these data and time already exist [] []
[2022-03-24T19:47:49.053166+00:00] error.ERROR: Event wasn't added or changed because of these data and time already exist [] []
[2022-03-24T19:48:21.592217+00:00] error.ERROR: Event wasn't added or changed because of these data and time already exist [] []
[2022-03-24T19:49:06.270692+00:00] error.ERROR: Event wasn't added or changed because of these data and time already exist [] []
[2022-03-24T19:49:39.029468+00:00] error.ERROR: Event wasn't added or changed because of these data and time already exist [] []
[2022-03-24T19:51:30.373179+00:00] error.ERROR: Event wasn't added or changed because of these data and time already exist [] []
[2022-03-24T19:51:41.725325+00:00] error.ERROR: Event wasn't added or changed because of these data and time already exist [] []
[2022-03-24T19:52:37.302712+00:00] error.ERROR: Event wasn't added or changed because of these data and time already exist [] []
[2022-03-24T19:53:39.826821+00:00] error.ERROR: Event wasn't added or changed because of these data and time already exist [] []
[2022-03-24T19:55:11.867243+00:00] error.ERROR: Event wasn't added or changed because of these data and time already exist [] []
[2022-03-24T19:57:03.953524+00:00] error.ERROR: Event wasn't added or changed because of these data and time already exist [] []
[2022-03-24T19:57:50.931192+00:00] error.ERROR: Event wasn't added or changed because of these data and time already exist [] []
[2022-03-24T19:58:11.240363+00:00] notice.NOTICE: Event was added {"date":"2022-03-30","time":"22:02"} []
[2022-03-24T19:58:34.956850+00:00] notice.NOTICE: Event was deleted {"id_event":"118"} []
[2022-03-24T19:58:34.995718+00:00] notice.NOTICE: Event was deleted {"id_event":"119"} []
[2022-03-24T19:58:35.004976+00:00] notice.NOTICE: Event was deleted {"id_event":"122"} []
[2022-03-24T19:58:35.011145+00:00] notice.NOTICE: Event was deleted {"id_event":"123"} []
[2022-03-24T19:58:35.017861+00:00] notice.NOTICE: Event was deleted {"id_event":"125"} []
[2022-03-24T19:58:35.028868+00:00] notice.NOTICE: Event was deleted {"id_event":"121"} []
[2022-03-24T19:58:35.036074+00:00] notice.NOTICE: Event was deleted {"id_event":"124"} []
[2022-03-24T19:58:35.042306+00:00] notice.NOTICE: Event was deleted {"id_event":"120"} []
[2022-03-24T19:59:29.559692+00:00] notice.NOTICE: Event was added {"date":"2022-03-31","time":"00:01"} []
[2022-03-24T19:59:50.673606+00:00] error.ERROR: Event wasn't added or changed because of these data and time already exist [] []
[2022-03-24T20:00:12.918856+00:00] notice.NOTICE: Event was added {"date":"2022-03-30","time":"01:02"} []
[2022-03-24T20:00:26.882216+00:00] notice.NOTICE: Event was added {"date":"2022-04-01","time":"01:03"} []
[2022-03-24T20:02:04.732456+00:00] notice.NOTICE: Event was added {"date":"2022-04-02","time":"03:05"} []
[2022-03-24T20:02:46.506786+00:00] notice.NOTICE: Event was deleted {"id_event":"129"} []
[2022-03-24T20:03:11.534745+00:00] notice.NOTICE: Event was deleted {"id_event":"128"} []
[2022-03-24T20:08:07.219820+00:00] error.ERROR: Event wasn't added or changed because of these data and time already exist [] []
[2022-03-24T20:08:26.164584+00:00] notice.NOTICE: Event was changed {"date":"2022-03-31","time":"00:01:00"} []
[2022-03-24T20:09:31.771990+00:00] notice.NOTICE: Event was changed {"date":"2022-03-31","time":"00:01:00"} []
[2022-03-24T20:09:50.177657+00:00] error.ERROR: Event wasn't added or changed because of these data and time already exist [] []
[2022-03-24T20:10:51.433158+00:00] notice.NOTICE: Event was changed {"date":"2022-03-31","time":"00:01:00"} []
[2022-03-24T20:14:30.360907+00:00] error.ERROR: Event wasn't added or changed because of these data and time already exist [] []
[2022-03-24T20:14:39.581226+00:00] notice.NOTICE: Event was changed {"date":"2022-03-31","time":"00:01:00"} []
[2022-03-24T20:24:27.431652+00:00] notice.NOTICE: Bot send schedule {"date":"2022-04-01","time":"02:27"} []
[2022-03-24T20:24:27.877165+00:00] notice.NOTICE: Bot send poll {"date":"2022-04-01","time":"02:27"} []
[2022-03-24T20:24:27.933888+00:00] notice.NOTICE: Event was added {"date":"2022-04-01","time":"02:27"} []
[2022-03-24T20:37:43.382789+00:00] error.ERROR: Event wasn't added or changed because of these data and time already exist [] []
